<?xml version="1.0" encoding="UTF-8"?>
<testsuite xmlns:xsi="http://www.w3.org/2001/XMLSchema-instance" xsi:noNamespaceSchemaLocation="https://maven.apache.org/surefire/maven-surefire-plugin/xsd/surefire-test-report-3.0.xsd" version="3.0" name="ShipTest" time="0.117" tests="9" errors="0" skipped="0" failures="0">
  <properties>
[...]
</properties>
  <testcase name="testConstructorDate(TestInfo)" classname="ShipTest" time="0.039"/>
  <testcase name="testConstructorDepartureTime(TestInfo)" classname="ShipTest" time="0.002"/>
  <testcase name="testGettersAndSetters(TestInfo)" classname="ShipTest" time="0.008"/>
  <testcase name="testDateInvalid(TestInfo)" classname="ShipTest" time="0.002"/>
  <testcase name="testConstructorPrice(TestInfo)" classname="ShipTest" time="0.003"/>
  <testcase name="testPassengerInvalid(TestInfo)" classname="ShipTest" time="0.002"/>
  <testcase name="testConstructorOriginPort(TestInfo)" classname="ShipTest" time="0.003"/>
  <testcase name="testPriceInvalid(TestInfo)" classname="ShipTest" time="0.002"/>
  <testcase name="testCruiseCoInvalid(TestInfo)" classname="ShipTest" time="0.001"/>
</testsuite>